TN:
SF:src/entities/user.ts
FN:17,<instance_members_initializer>
FN:20,User
FNF:2
FNH:2
FNDA:5,<instance_members_initializer>
FNDA:5,User
DA:1,1
DA:2,1
DA:3,1
DA:4,1
DA:5,1
DA:6,1
DA:7,1
DA:8,1
DA:9,1
DA:10,1
DA:11,1
DA:12,1
DA:13,1
DA:14,1
DA:15,1
DA:16,1
DA:17,5
DA:18,5
DA:19,5
DA:20,5
DA:21,5
DA:22,1
DA:23,1
DA:24,5
DA:25,1
DA:26,1
DA:27,5
DA:28,1
DA:29,1
DA:30,5
DA:31,1
DA:32,1
DA:33,1
DA:34,1
DA:35,1
DA:36,1
DA:37,1
DA:38,1
DA:39,1
DA:40,1
DA:41,5
LF:41
LH:41
BRDA:17,0,0,5
BRDA:20,1,0,5
BRDA:21,2,0,1
BRDA:24,3,0,4
BRDA:24,4,0,1
BRDA:27,5,0,3
BRDA:27,6,0,1
BRDA:30,7,0,2
BRDA:30,8,0,1
BRF:9
BRH:9
end_of_record
TN:
SF:src/utils/emailValidator.ts
FN:4,emailValidator
FNF:1
FNH:1
FNDA:4,emailValidator
DA:1,1
DA:2,1
DA:3,1
DA:4,4
DA:5,4
DA:6,1
DA:7,1
DA:8,3
DA:9,3
DA:10,3
DA:11,3
LF:11
LH:11
BRDA:4,0,0,4
BRDA:5,1,0,1
BRDA:8,2,0,3
BRF:3
BRH:3
end_of_record
TN:
SF:src/utils/isStringValid.ts
FN:1,isStringValid
FNF:1
FNH:1
FNDA:7,isStringValid
DA:1,7
DA:2,7
DA:3,0
DA:4,0
DA:5,7
DA:6,5
DA:7,5
DA:8,2
DA:9,2
DA:10,2
LF:10
LH:8
BRDA:1,0,0,7
BRDA:2,1,0,0
BRDA:5,2,0,5
BRDA:5,3,0,5
BRDA:8,4,0,2
BRF:5
BRH:4
end_of_record
TN:
SF:src/utils/passwordValidator.ts
FN:1,passwordValidator
FNF:1
FNH:1
FNDA:3,passwordValidator
DA:1,3
DA:2,3
DA:3,3
DA:4,3
DA:5,3
DA:6,2
DA:7,2
DA:8,3
DA:9,1
DA:10,1
LF:10
LH:10
BRDA:1,0,0,3
BRDA:5,1,0,2
BRDA:9,2,0,1
BRF:3
BRH:3
end_of_record
